2026-07-17 11:25:50,272 - INFO - [COFORGE_NS] Inserted 375 rows (duplicates ignored)
2026-07-17 11:25:50,272 - INFO - Inserted 375 rows for COFORGE.NS
2026-07-17 11:25:50,692 - INFO - [COLPAL_NS] Inserted 374 rows (duplicates ignored)
2026-07-17 11:25:50,693 - INFO - Inserted 374 rows for COLPAL.NS
2026-07-17 11:25:51,113 - INFO - [DABUR_NS] Inserted 375 rows (duplicates ignored)
2026-07-17 11:25:51,113 - INFO - Inserted 375 rows for DABUR.NS
2026-07-17 11:25:51,522 - INFO - [DIXON_NS] Inserted 375 rows (duplicates ignored)
2026-07-17 11:25:51,522 - INFO - Inserted 375 rows for DIXON.NS
2026-07-17 11:25:52,150 - INFO - [FEDERALBNK_NS] Inserted 375 rows (duplicates ignored)
2026-07-17 11:25:52,150 - INFO - Inserted 375 rows for FEDERALBNK.NS
2026-07-17 11:25:52,536 - INFO - [FORTIS_NS] Inserted 374 rows (duplicates ignored)
2026-07-17 11:25:52,536 - INFO - Inserted 374 rows for FORTIS.NS
2026-07-17 11:25:52,886 - INFO - [GMRAIRPORT_NS] Inserted 375 rows (duplicates ignored)
2026-07-17 11:25:52,886 - INFO - Inserted 375 rows for GMRAIRPORT.NS
2026-07-17 11:25:53,251 - INFO - [GODREJPROP_NS] Inserted 375 rows (duplicates ignored)
2026-07-17 11:25:53,252 - INFO - Inserted 375 rows for GODREJPROP.NS
2026-07-17 11:25:53,912 - INFO - [HAVELLS_NS] Inserted 375 rows (duplicates ignored)
2026-07-17 11:25:53,912 - INFO - Inserted 375 rows for HAVELLS.NS
2026-07-17 11:25:54,640 - INFO - [HEROMOTOCO_NS] Inserted 375 rows (duplicates ignored)
2026-07-17 11:25:54,640 - INFO - Inserted 375 rows for HEROMOTOCO.NS
2026-07-17 11:25:55,267 - INFO - [HINDPETRO_NS] Inserted 375 rows (duplicates ignored)
2026-07-17 11:25:55,267 - INFO - Inserted 375 rows for HINDPETRO.NS
2026-07-17 11:25:55,786 - INFO - [ICICIBANK_NS] Inserted 375 rows (duplicates ignored)
2026-07-17 11:25:55,786 - INFO - Inserted 375 rows for ICICIBANK.NS
2026-07-17 11:25:55,797 - INFO - Cycle complete. README updated.
2026-07-17 11:31:04,846 - INFO - Starting data fetch cycle...
2026-07-17 11:31:05,459 - INFO - [ALKEM_NS] Inserted 375 rows (duplicates ignored)
2026-07-17 11:31:05,459 - INFO - Inserted 375 rows for ALKEM.NS
2026-07-17 11:31:05,756 - INFO - [APLAPOLLO_NS] Inserted 375 rows (duplicates ignored)
2026-07-17 11:31:05,756 - INFO - Inserted 375 rows for APLAPOLLO.NS
2026-07-17 11:31:06,055 - INFO - [ASHOKLEY_NS] Inserted 375 rows (duplicates ignored)
2026-07-17 11:31:06,055 - INFO - Inserted 375 rows for ASHOKLEY.NS
2026-07-17 11:31:06,349 - INFO - [AUBANK_NS] Inserted 375 rows (duplicates ignored)
2026-07-17 11:31:06,349 - INFO - Inserted 375 rows for AUBANK.NS
2026-07-17 11:31:06,655 - INFO - [AUROPHARMA_NS] Inserted 375 rows (duplicates ignored)
2026-07-17 11:31:06,655 - INFO - Inserted 375 rows for AUROPHARMA.NS
2026-07-17 11:31:06,930 - INFO - [BHARATFORG_NS] Inserted 375 rows (duplicates ignored)
2026-07-17 11:31:06,931 - INFO - Inserted 375 rows for BHARATFORG.NS
2026-07-17 11:31:07,414 - INFO - [BHEL_NS] Inserted 375 rows (duplicates ignored)
2026-07-17 11:31:07,414 - INFO - Inserted 375 rows for BHEL.NS
2026-07-17 11:31:07,662 - INFO - [BSE_NS] Inserted 375 rows (duplicates ignored)
2026-07-17 11:31:07,663 - INFO - Inserted 375 rows for BSE.NS
2026-07-17 11:31:07,841 - INFO - [COFORGE_NS] Inserted 375 rows (duplicates ignored)
2026-07-17 11:31:07,841 - INFO - Inserted 375 rows for COFORGE.NS
2026-07-17 11:31:08,106 - INFO - [COLPAL_NS] Inserted 374 rows (duplicates ignored)
2026-07-17 11:31:08,106 - INFO - Inserted 374 rows for COLPAL.NS
2026-07-17 11:31:08,313 - INFO - [DABUR_NS] Inserted 375 rows (duplicates ignored)
2026-07-17 11:31:08,314 - INFO - Inserted 375 rows for DABUR.NS
2026-07-17 11:31:08,599 - INFO - [DIXON_NS] Inserted 375 rows (duplicates ignored)
2026-07-17 11:31:08,600 - INFO - Inserted 375 rows for DIXON.NS
2026-07-17 11:31:08,946 - INFO - [FEDERALBNK_NS] Inserted 375 rows (duplicates ignored)
2026-07-17 11:31:08,946 - INFO - Inserted 375 rows for FEDERALBNK.NS
2026-07-17 11:31:09,204 - INFO - [FORTIS_NS] Inserted 374 rows (duplicates ignored)
2026-07-17 11:31:09,204 - INFO - Inserted 374 rows for FORTIS.NS
2026-07-17 11:31:09,460 - INFO - [GMRAIRPORT_NS] Inserted 375 rows (duplicates ignored)
2026-07-17 11:31:09,460 - INFO - Inserted 375 rows for GMRAIRPORT.NS
2026-07-17 11:31:09,656 - INFO - [GODREJPROP_NS] Inserted 375 rows (duplicates ignored)
2026-07-17 11:31:09,656 - INFO - Inserted 375 rows for GODREJPROP.NS
2026-07-17 11:31:09,922 - INFO - [HAVELLS_NS] Inserted 375 rows (duplicates ignored)
2026-07-17 11:31:09,922 - INFO - Inserted 375 rows for HAVELLS.NS
2026-07-17 11:31:10,300 - INFO - [HEROMOTOCO_NS] Inserted 375 rows (duplicates ignored)
2026-07-17 11:31:10,300 - INFO - Inserted 375 rows for HEROMOTOCO.NS
2026-07-17 11:31:10,598 - INFO - [HINDPETRO_NS] Inserted 375 rows (duplicates ignored)
2026-07-17 11:31:10,598 - INFO - Inserted 375 rows for HINDPETRO.NS
2026-07-17 11:31:10,877 - INFO - [ICICIBANK_NS] Inserted 375 rows (duplicates ignored)
2026-07-17 11:31:10,878 - INFO - Inserted 375 rows for ICICIBANK.NS
2026-07-17 11:31:10,892 - INFO - Cycle complete. README updated.
2026-07-17 11:35:41,073 - INFO - Starting data fetch cycle...
2026-07-17 11:35:41,344 - INFO - [ALKEM_NS] Inserted 375 rows (duplicates ignored)
2026-07-17 11:35:41,344 - INFO - Inserted 375 rows for ALKEM.NS
2026-07-17 11:35:41,468 - INFO - [APLAPOLLO_NS] Inserted 375 rows (duplicates ignored)
2026-07-17 11:35:41,468 - INFO - Inserted 375 rows for APLAPOLLO.NS
2026-07-17 11:35:41,623 - INFO - [ASHOKLEY_NS] Inserted 375 rows (duplicates ignored)
2026-07-17 11:35:41,623 - INFO - Inserted 375 rows for ASHOKLEY.NS
2026-07-17 11:35:41,752 - INFO - [AUBANK_NS] Inserted 375 rows (duplicates ignored)
2026-07-17 11:35:41,752 - INFO - Inserted 375 rows for AUBANK.NS
2026-07-17 11:35:41,897 - INFO - [AUROPHARMA_NS] Inserted 375 rows (duplicates ignored)
2026-07-17 11:35:41,897 - INFO - Inserted 375 rows for AUROPHARMA.NS
2026-07-17 11:35:42,094 - INFO - [BHARATFORG_NS] Inserted 375 rows (duplicates ignored)
2026-07-17 11:35:42,094 - INFO - Inserted 375 rows for BHARATFORG.NS
2026-07-17 11:35:42,259 - INFO - [BHEL_NS] Inserted 375 rows (duplicates ignored)
2026-07-17 11:35:42,259 - INFO - Inserted 375 rows for BHEL.NS
2026-07-17 11:35:42,388 - INFO - [BSE_NS] Inserted 375 rows (duplicates ignored)
2026-07-17 11:35:42,389 - INFO - Inserted 375 rows for BSE.NS
2026-07-17 11:35:42,535 - INFO - [COFORGE_NS] Inserted 375 rows (duplicates ignored)
2026-07-17 11:35:42,535 - INFO - Inserted 375 rows for COFORGE.NS
2026-07-17 11:35:42,679 - INFO - [COLPAL_NS] Inserted 374 rows (duplicates ignored)
2026-07-17 11:35:42,679 - INFO - Inserted 374 rows for COLPAL.NS
2026-07-17 11:35:42,833 - INFO - [DABUR_NS] Inserted 375 rows (duplicates ignored)
2026-07-17 11:35:42,833 - INFO - Inserted 375 rows for DABUR.NS
2026-07-17 11:35:42,969 - INFO - [DIXON_NS] Inserted 375 rows (duplicates ignored)
2026-07-17 11:35:42,969 - INFO - Inserted 375 rows for DIXON.NS
2026-07-17 11:35:43,144 - INFO - [FEDERALBNK_NS] Inserted 375 rows (duplicates ignored)
2026-07-17 11:35:43,144 - INFO - Inserted 375 rows for FEDERALBNK.NS
2026-07-17 11:35:43,267 - INFO - [FORTIS_NS] Inserted 374 rows (duplicates ignored)
2026-07-17 11:35:43,267 - INFO - Inserted 374 rows for FORTIS.NS
2026-07-17 11:35:43,398 - INFO - [GMRAIRPORT_NS] Inserted 375 rows (duplicates ignored)
2026-07-17 11:35:43,398 - INFO - Inserted 375 rows for GMRAIRPORT.NS
2026-07-17 11:35:43,541 - INFO - [GODREJPROP_NS] Inserted 375 rows (duplicates ignored)
2026-07-17 11:35:43,542 - INFO - Inserted 375 rows for GODREJPROP.NS
2026-07-17 11:35:43,810 - INFO - [HAVELLS_NS] Inserted 375 rows (duplicates ignored)
2026-07-17 11:35:43,810 - INFO - Inserted 375 rows for HAVELLS.NS
2026-07-17 11:35:44,000 - INFO - [HEROMOTOCO_NS] Inserted 375 rows (duplicates ignored)
2026-07-17 11:35:44,000 - INFO - Inserted 375 rows for HEROMOTOCO.NS
2026-07-17 11:35:44,149 - INFO - [HINDPETRO_NS] Inserted 375 rows (duplicates ignored)
2026-07-17 11:35:44,149 - INFO - Inserted 375 rows for HINDPETRO.NS
2026-07-17 11:35:44,289 - INFO - [ICICIBANK_NS] Inserted 375 rows (duplicates ignored)
2026-07-17 11:35:44,289 - INFO - Inserted 375 rows for ICICIBANK.NS
2026-07-17 11:35:44,302 - INFO - Cycle complete. README updated.
2026-07-17 11:40:58,564 - INFO - Starting data fetch cycle...
2026-07-17 11:40:59,354 - INFO - [ALKEM_NS] Inserted 375 rows (duplicates ignored)
2026-07-17 11:40:59,354 - INFO - Inserted 375 rows for ALKEM.NS
2026-07-17 11:40:59,716 - INFO - [APLAPOLLO_NS] Inserted 375 rows (duplicates ignored)
2026-07-17 11:40:59,717 - INFO - Inserted 375 rows for APLAPOLLO.NS
2026-07-17 11:41:00,163 - INFO - [ASHOKLEY_NS] Inserted 375 rows (duplicates ignored)
2026-07-17 11:41:00,163 - INFO - Inserted 375 rows for ASHOKLEY.NS
2026-07-17 11:41:00,520 - INFO - [AUBANK_NS] Inserted 375 rows (duplicates ignored)
2026-07-17 11:41:00,520 - INFO - Inserted 375 rows for AUBANK.NS
2026-07-17 11:41:00,926 - INFO - [AUROPHARMA_NS] Inserted 375 rows (duplicates ignored)
2026-07-17 11:41:00,926 - INFO - Inserted 375 rows for AUROPHARMA.NS
2026-07-17 11:41:01,329 - INFO - [BHARATFORG_NS] Inserted 375 rows (duplicates ignored)
2026-07-17 11:41:01,329 - INFO - Inserted 375 rows for BHARATFORG.NS
2026-07-17 11:41:01,936 - INFO - [BHEL_NS] Inserted 375 rows (duplicates ignored)
2026-07-17 11:41:01,936 - INFO - Inserted 375 rows for BHEL.NS
2026-07-17 11:41:02,321 - INFO - [BSE_NS] Inserted 375 rows (duplicates ignored)
2026-07-17 11:41:02,321 - INFO - Inserted 375 rows for BSE.NS
2026-07-17 11:41:02,755 - INFO - [COFORGE_NS] Inserted 375 rows (duplicates ignored)
2026-07-17 11:41:02,755 - INFO - Inserted 375 rows for COFORGE.NS
2026-07-17 11:41:03,150 - INFO - [COLPAL_NS] Inserted 374 rows (duplicates ignored)
2026-07-17 11:41:03,151 - INFO - Inserted 374 rows for COLPAL.NS
2026-07-17 11:41:03,517 - INFO - [DABUR_NS] Inserted 375 rows (duplicates ignored)
2026-07-17 11:41:03,517 - INFO - Inserted 375 rows for DABUR.NS
2026-07-17 11:41:04,022 - INFO - [DIXON_NS] Inserted 375 rows (duplicates ignored)
2026-07-17 11:41:04,022 - INFO - Inserted 375 rows for DIXON.NS
2026-07-17 11:41:04,437 - INFO - [FEDERALBNK_NS] Inserted 375 rows (duplicates ignored)
2026-07-17 11:41:04,438 - INFO - Inserted 375 rows for FEDERALBNK.NS
2026-07-17 11:41:04,854 - INFO - [FORTIS_NS] Inserted 374 rows (duplicates ignored)
2026-07-17 11:41:04,854 - INFO - Inserted 374 rows for FORTIS.NS
2026-07-17 11:41:05,339 - INFO - [GMRAIRPORT_NS] Inserted 375 rows (duplicates ignored)
2026-07-17 11:41:05,340 - INFO - Inserted 375 rows for GMRAIRPORT.NS
2026-07-17 11:41:05,723 - INFO - [GODREJPROP_NS] Inserted 375 rows (duplicates ignored)
2026-07-17 11:41:05,723 - INFO - Inserted 375 rows for GODREJPROP.NS
2026-07-17 11:41:06,169 - INFO - [HAVELLS_NS] Inserted 375 rows (duplicates ignored)
2026-07-17 11:41:06,169 - INFO - Inserted 375 rows for HAVELLS.NS
2026-07-17 11:41:06,552 - INFO - [HEROMOTOCO_NS] Inserted 375 rows (duplicates ignored)
2026-07-17 11:41:06,553 - INFO - Inserted 375 rows for HEROMOTOCO.NS
2026-07-17 11:41:06,987 - INFO - [HINDPETRO_NS] Inserted 375 rows (duplicates ignored)
2026-07-17 11:41:06,987 - INFO - Inserted 375 rows for HINDPETRO.NS
2026-07-17 11:41:07,384 - INFO - [ICICIBANK_NS] Inserted 375 rows (duplicates ignored)
2026-07-17 11:41:07,384 - INFO - Inserted 375 rows for ICICIBANK.NS
2026-07-17 11:41:07,393 - INFO - Cycle complete. README updated.
